<?xml version="1.0" encoding="UTF-8"?>
<!-- Generated by org.testng.reporters.JUnitXMLReporter -->
<testsuite hostname="DESKTOP-IUMP8HU" name="Command line test" tests="2" failures="1" timestamp="19 Aug 2020 03:02:59 GMT" time="0.03" errors="0">
  <testcase name="tesSubMethod" time="0.011" classname="testunit.CalculatorTest">
    <failure type="java.lang.AssertionError" message="expected [15] but found [5]">
      <![CDATA[java.lang.AssertionError: expected [15] but found [5]
	at testunit.CalculatorTest.tesSubMethod(CalculatorTest.java:24)
... Removed 38 stack frames]]>
    </failure>
  </testcase> <!-- tesSubMethod -->
  <testcase name="testAddMethod" time="0.001" classname="testunit.CalculatorTest"/>
</testsuite> <!-- Command line test -->
